[2024-12-30 10:55:33.047489] [WARN] Server: Client connected without auth: pm9DD21kMso6xBrxAAAB
[2024-12-30 10:55:35.469157] [INFO] Server: Client connected: TEST1
[2024-12-30 10:55:35.476138] [INFO] Server: 从数据库加载了 6 个设备
[2024-12-30 10:55:35.478134] [INFO] Server: 设备 TEST1 信息已更新
[2024-12-30 10:55:45.674075] [INFO] Server: Client disconnected: pm9DD21kMso6xBrxAAAB
[2024-12-30 10:55:45.682033] [INFO] Server: 访问首页
[2024-12-30 10:55:45.752844] [WARN] Server: Client connected without auth: vmzt0WF6oveUQSihAAAF
[2024-12-30 10:55:47.468696] [INFO] Server: Client disconnected: vmzt0WF6oveUQSihAAAF
[2024-12-30 10:55:47.488643] [INFO] Server: 访问首页
[2024-12-30 10:55:47.556979] [WARN] Server: Client connected without auth: bBIlaDG66SUjXaaZAAAH
[2024-12-30 10:55:53.702051] [INFO] Server: 设置当前设备ID: TEST1
[2024-12-30 10:56:30.547937] [INFO] Server: 正在显示服务器在今天的日志
[2024-12-30 10:57:02.365069] [INFO] Server: 从数据库加载了 6 个设备
[2024-12-30 10:57:13.665580] [INFO] Server: Client disconnected: C2u69dmVUM1uGn1QAAAD
[2024-12-30 10:57:22.170824] [INFO] Server: Client connected: TEST1
[2024-12-30 10:57:22.172835] [INFO] Server: 设备 TEST1 信息已更新
[2024-12-30 10:57:33.357215] [INFO] Server: 从数据库加载了 6 个设备
[2024-12-30 11:02:38.967168] [INFO] Server: 正在显示服务器在今天的日志
[2024-12-30 11:05:06.199524] [INFO] Server: Client disconnected: bBIlaDG66SUjXaaZAAAH
[2024-12-30 11:05:06.223626] [INFO] Server: 访问首页
[2024-12-30 11:05:06.277697] [WARN] Server: Client connected without auth: _a_5qRzkK-jRF4KGAAAL
[2024-12-30 11:05:10.368423] [INFO] Server: 设置当前设备ID: TEST1
[2024-12-30 11:05:20.319401] [INFO] Server: 从数据库加载了 6 个设备
[2024-12-30 11:17:29.851708] [INFO] Server: Client disconnected: StpuznpXVlwW37OrAAAJ
[2024-12-30 11:17:29.853709] [INFO] Server: Client disconnected: _a_5qRzkK-jRF4KGAAAL
[2024-12-30 11:17:48.033340] [INFO] Server: Client connected: TEST1
[2024-12-30 11:17:48.039128] [INFO] Server: 从数据库加载了 6 个设备
[2024-12-30 11:17:48.039128] [INFO] Server: 设备 TEST1 信息已更新
[2024-12-30 11:17:48.482285] [INFO] Server: Client disconnected: qUN0Jd2TTozX2SDBAAAB
[2024-12-30 11:17:50.271981] [WARN] Server: Client connected without auth: W80FjAsiP7pFXUQCAAAD
[2024-12-30 11:18:02.675985] [INFO] Server: Client connected: TEST1
[2024-12-30 11:18:02.675985] [INFO] Server: 设备 TEST1 信息已更新
[2024-12-30 11:18:07.932548] [INFO] Server: Client disconnected: W80FjAsiP7pFXUQCAAAD
[2024-12-30 11:18:07.953791] [INFO] Server: 访问首页
[2024-12-30 11:18:08.141965] [WARN] Server: Client connected without auth: D3Z4V2qi0YnnHvlCAAAH
[2024-12-30 11:18:09.585721] [INFO] Server: 设置当前设备ID: TEST1
[2024-12-30 11:18:49.121073] [INFO] Server: 从数据库加载了 6 个设备
[2024-12-30 11:22:56.811732] [INFO] Server: 从数据库加载了 6 个设备
[2024-12-30 11:23:02.849256] [INFO] Server: [INFO] aa
[2024-12-30 11:23:02.851251] [WARN] Server: [WARN] aa
[2024-12-30 11:23:02.852249] [ERROR] Server: [ERROR] aa
[2024-12-30 11:23:02.854274] [INFO] Server: Echo: aa
[2024-12-30 11:46:13.785654] [INFO] Server: Client disconnected: cgCCys_6L5evTxwTAAAF
[2024-12-30 11:46:13.790642] [INFO] Server: Client disconnected: D3Z4V2qi0YnnHvlCAAAH
[2024-12-30 11:46:22.472392] [INFO] Server: Client connected: TEST1
[2024-12-30 11:46:22.479401] [INFO] Server: 从数据库加载了 6 个设备
[2024-12-30 11:46:22.481386] [INFO] Server: 设备 TEST1 信息已更新
[2024-12-30 11:46:24.280369] [WARN] Server: Client connected without auth: Onnzjavhz1ng_3M-AAAD
[2024-12-30 11:46:33.008616] [INFO] Server: Client disconnected: B4X_Cf_KyAz5Pt1SAAAB
[2024-12-30 11:46:41.562547] [INFO] Server: Client connected: TEST1
[2024-12-30 11:46:41.566537] [INFO] Server: 设备 TEST1 信息已更新
[2024-12-30 11:49:06.592357] [INFO] Server: Client disconnected: ktnak4SPPxnCdwNZAAAF
[2024-12-30 11:49:22.322560] [INFO] Server: Client connected: TEST1
[2024-12-30 11:49:22.325554] [INFO] Server: 设备 TEST1 信息已更新
[2024-12-30 11:51:29.424172] [INFO] Server: Client disconnected: Qt7SNFF99-Cs5LFCAAAH
[2024-12-30 11:51:42.299031] [INFO] Server: Client connected: TEST1
[2024-12-30 11:51:42.301978] [INFO] Server: 设备 TEST1 信息已更新
[2024-12-30 11:55:37.140983] [INFO] Server: Client disconnected: 0yi_5SMTVcyom2bUAAAJ
[2024-12-30 11:55:45.939052] [INFO] Server: Client connected: TEST1
[2024-12-30 11:55:45.940049] [INFO] Server: 设备 TEST1 信息已更新
[2024-12-30 12:02:30.403199] [INFO] Server: Client disconnected: 4aavsen3LMMUPkRYAAAL
[2024-12-30 12:02:39.280913] [INFO] Server: Client connected: TEST1
[2024-12-30 12:02:39.283903] [INFO] Server: 从数据库加载了 6 个设备
[2024-12-30 12:02:39.285904] [INFO] Server: 设备 TEST1 信息已更新
[2024-12-30 12:05:09.917057] [INFO] Server: 从数据库加载了 6 个设备
[2024-12-30 12:05:10.264109] [INFO] Server: 发送命令到设备 TEST1: status
[2024-12-30 12:15:16.903676] [INFO] Server: Client disconnected: v5eQPrbplRrEEtsrAAAN
[2024-12-30 12:18:15.305358] [INFO] Server: Client connected: TEST1
[2024-12-30 12:18:15.316328] [INFO] Server: 从数据库加载了 6 个设备
[2024-12-30 12:18:15.320320] [INFO] Server: 设备 TEST1 信息已更新
[2024-12-30 12:18:28.855385] [INFO] Server: 从数据库加载了 6 个设备
[2024-12-30 12:18:29.289469] [INFO] Server: 发送命令到设备 TEST1: status
[2024-12-30 12:20:43.216709] [INFO] Server: Client disconnected: pEJXU67reCXLz18mAAAP
[2024-12-30 12:20:51.556239] [INFO] Server: Client connected: TEST1
[2024-12-30 12:20:51.559232] [INFO] Server: 设备 TEST1 信息已更新
[2024-12-30 12:25:10.371373] [INFO] Server: Client disconnected: Onnzjavhz1ng_3M-AAAD
[2024-12-30 12:25:10.375622] [INFO] Server: Client disconnected: D5EqWleMhAH8XuJFAAAR
[2024-12-30 12:25:18.052284] [WARN] Server: Client connected without auth: HZR7JEGUqc7pyL15AAAB
[2024-12-30 12:25:19.048621] [INFO] Server: Client connected: TEST1
[2024-12-30 12:25:19.068565] [INFO] Server: 从数据库加载了 6 个设备
[2024-12-30 12:25:19.072555] [INFO] Server: 设备 TEST1 信息已更新
[2024-12-30 12:25:58.116082] [INFO] Server: 设置当前设备ID: TEST1
[2024-12-30 12:26:02.042245] [INFO] Server: 执行设备命令: TEST1 status
[2024-12-30 12:26:02.057207] [INFO] Server: 从数据库加载了 6 个设备
[2024-12-30 12:26:02.386224] [INFO] Server: 发送命令到设备 TEST1: status
[2024-12-30 12:26:58.095831] [INFO] Server: Client disconnected: HZR7JEGUqc7pyL15AAAB
[2024-12-30 12:26:58.098861] [INFO] Server: Client disconnected: 7qRNdeYWypFITSzUAAAD
[2024-12-30 12:27:07.252612] [INFO] Server: Client connected: TEST1
[2024-12-30 12:27:07.259593] [INFO] Server: 从数据库加载了 6 个设备
[2024-12-30 12:27:07.261589] [INFO] Server: 设备 TEST1 信息已更新
[2024-12-30 12:27:09.280716] [WARN] Server: Client connected without auth: bosny4gi3Op_mpkJAAAD
[2024-12-30 12:27:13.808200] [INFO] Server: 收到命令请求: {'device_id': 'TEST1', 'command': 'status'}
[2024-12-30 12:27:13.810195] [INFO] Server: 执行设备命令: TEST1 status
[2024-12-30 12:27:13.814184] [INFO] Server: 从数据库加载了 6 个设备
[2024-12-30 12:27:14.248363] [INFO] Server: 发送命令到设备 TEST1: status
[2024-12-30 12:27:50.399648] [INFO] Server: 设置当前设备ID: TEST1
[2024-12-30 12:27:57.238717] [INFO] Server: 收到命令请求: {'device_id': '@', 'command': '@test'}
[2024-12-30 12:27:57.242702] [INFO] Server: 未知命令: @test
使用 @help 查看可用命令
[2024-12-30 12:28:02.352092] [INFO] Server: 收到命令请求: {'device_id': 'TEST1', 'command': 'test'}
[2024-12-30 12:28:02.354086] [INFO] Server: 执行设备命令: TEST1 test
[2024-12-30 12:28:02.358076] [INFO] Server: 从数据库加载了 6 个设备
[2024-12-30 12:28:02.745658] [INFO] Server: 发送命令到设备 TEST1: test
[2024-12-30 12:29:29.386755] [INFO] Server: 收到命令请求: {'device_id': 'TEST1', 'command': 'aaa'}
[2024-12-30 12:29:29.389705] [INFO] Server: 执行设备命令: TEST1 aaa
[2024-12-30 12:29:29.400674] [INFO] Server: 从数据库加载了 6 个设备
[2024-12-30 12:29:29.710241] [INFO] Server: 发送命令到设备 TEST1: aaa
[2024-12-30 12:33:34.240472] [INFO] Server: Client disconnected: 3RNmA7Oz21jgi9KKAAAB
[2024-12-30 12:33:43.737562] [INFO] Server: Client connected: TEST1
[2024-12-30 12:33:43.751575] [INFO] Server: 从数据库加载了 6 个设备
[2024-12-30 12:33:43.756531] [INFO] Server: 设备 TEST1 信息已更新
[2024-12-30 12:34:22.245282] [INFO] Server: 收到命令请求: {'device_id': 'TEST1', 'command': 'aaa'}
[2024-12-30 12:34:22.248606] [INFO] Server: 执行设备命令: TEST1 aaa
[2024-12-30 12:34:22.253444] [INFO] Server: 从数据库加载了 6 个设备
[2024-12-30 12:34:22.579610] [INFO] Server: 发送命令到设备 TEST1: aaa
[2024-12-30 12:34:37.157234] [INFO] Server: 设置当前设备ID: test2
[2024-12-30 12:34:37.774684] [INFO] Server: 设置当前设备ID: TEST1
[2024-12-30 12:34:44.305122] [INFO] Server: 收到命令请求: {'device_id': 'TEST1', 'command': 'aaa'}
[2024-12-30 12:34:44.308109] [INFO] Server: 执行设备命令: TEST1 aaa
[2024-12-30 12:34:44.322073] [INFO] Server: 从数据库加载了 6 个设备
[2024-12-30 12:34:44.725924] [INFO] Server: 发送命令到设备 TEST1: aaa
[2024-12-30 12:41:02.335524] [INFO] Server: Client disconnected: nMSbS7pxkhwVyBgJAAAF
[2024-12-30 12:41:13.918908] [INFO] Server: Client disconnected: bosny4gi3Op_mpkJAAAD
[2024-12-30 12:41:26.293993] [WARN] Server: Client connected without auth: WbtNvrBTo8GTBAuyAAAB
[2024-12-30 12:41:56.182716] [WARN] Server: Client connected without auth: OrykDsJz7L_JqOVlAAAD
[2024-12-30 12:42:44.834070] [INFO] Server: 从数据库加载了 6 个设备
[2024-12-30 12:43:20.516084] [INFO] Server: 收到命令请求: {'device_id': 'TEST1', 'command': 'aaa'}
[2024-12-30 12:43:20.518079] [INFO] Server: 执行设备命令: TEST1 aaa
[2024-12-30 12:43:20.521646] [INFO] Server: 从数据库加载了 6 个设备
[2024-12-30 12:43:21.181366] [INFO] Server: 设备信息: {'sid': 'tvhzcn6Q5IVzFYi3AAAV', 'connected_at': '2024-12-30 10:32:23.821246'}
[2024-12-30 12:43:21.185393] [INFO] Server: 发送命令到设备 TEST1, SID: tvhzcn6Q5IVzFYi3AAAV, 命令: aaa
[2024-12-30 12:43:21.188350] [INFO] Server: 设备 TEST1 所在的房间: []
[2024-12-30 12:43:21.202313] [INFO] Server: 命令发送成功
[2024-12-30 12:44:13.624618] [INFO] Server: 收到命令请求: {'device_id': 'TEST1', 'command': 'aaa'}
[2024-12-30 12:44:13.628016] [INFO] Server: 执行设备命令: TEST1 aaa
[2024-12-30 12:44:13.633735] [INFO] Server: 从数据库加载了 6 个设备
[2024-12-30 12:44:14.035034] [INFO] Server: 设备信息: {'sid': 'tvhzcn6Q5IVzFYi3AAAV', 'connected_at': '2024-12-30 10:32:23.821246'}
[2024-12-30 12:44:14.038899] [INFO] Server: 发送命令到设备 TEST1, SID: tvhzcn6Q5IVzFYi3AAAV, 命令: aaa
[2024-12-30 12:44:14.042899] [INFO] Server: 设备 TEST1 所在的房间: []
[2024-12-30 12:44:14.052052] [INFO] Server: 命令发送成功
[2024-12-30 12:52:13.365356] [INFO] Server: Client disconnected: OrykDsJz7L_JqOVlAAAD
[2024-12-30 12:52:41.499727] [INFO] Server: Client disconnected: WbtNvrBTo8GTBAuyAAAB
[2024-12-30 12:52:58.290364] [WARN] Server: Client connected without auth: 6mNXNSoNnJ-RaVFFAAAB
[2024-12-30 12:53:30.216371] [INFO] Server: Client disconnected: 6mNXNSoNnJ-RaVFFAAAB
[2024-12-30 12:53:30.248249] [INFO] Server: 访问首页
[2024-12-30 12:53:30.262212] [INFO] Server: 从数据库加载了 6 个设备
[2024-12-30 12:53:30.329154] [WARN] Server: Client connected without auth: EzZTgtsQwM1DZ4vOAAAD
[2024-12-30 12:53:36.340373] [INFO] Server: 设置当前设备ID: TEST1
[2024-12-30 12:56:10.338919] [INFO] Server: Client disconnected: EzZTgtsQwM1DZ4vOAAAD
[2024-12-30 12:57:08.275643] [WARN] Server: Client connected without auth: lOj87FYsr3wznE2UAAAB
[2024-12-30 12:57:33.526895] [WARN] Server: Client connected without auth: NqPzqdsOsEilo6GFAAAD
[2024-12-30 12:58:14.021842] [INFO] Server: 设置当前设备ID: TEST1
[2024-12-30 12:58:17.769915] [INFO] Server: 收到命令请求: {'device_id': 'TEST1', 'command': 'aaa'}
[2024-12-30 12:58:17.773857] [INFO] Server: 执行设备命令: TEST1 aaa
[2024-12-30 12:58:17.801784] [INFO] Server: 从数据库加载了 6 个设备
[2024-12-30 12:58:18.241304] [INFO] Server: 发送命令到设备 TEST1, SID: tvhzcn6Q5IVzFYi3AAAV, 命令: aaa
[2024-12-30 12:58:18.255314] [INFO] Server: 命令发送成功
[2024-12-30 13:01:45.317085] [INFO] Server: Client disconnected: lOj87FYsr3wznE2UAAAB
[2024-12-30 14:38:27.340102] [INFO] Server: Client disconnected: NqPzqdsOsEilo6GFAAAD
[2024-12-30 14:38:30.928295] [WARN] Server: Client connected without auth: nvFWFxFNqHGOH6p4AAAG
[2024-12-30 14:38:51.264749] [WARN] Server: Client connected without auth: zEHXRNu7ytqYxyTCAAAI
[2024-12-30 14:39:08.203579] [INFO] Server: Client disconnected: zEHXRNu7ytqYxyTCAAAI
[2024-12-30 14:42:42.545657] [INFO] Server: Client disconnected: nvFWFxFNqHGOH6p4AAAG
[2024-12-30 14:42:42.557626] [WARN] Server: Client connected without auth: Fv4zZCNoBbGvKSWtAAAK
[2024-12-30 14:42:45.964788] [WARN] Server: Client connected without auth: E2Ma_lsFIRw8XbgSAAAM
[2024-12-30 14:44:57.590851] [INFO] Server: Client disconnected: Fv4zZCNoBbGvKSWtAAAK
[2024-12-30 14:44:57.595885] [INFO] Server: Client disconnected: E2Ma_lsFIRw8XbgSAAAM
[2024-12-30 14:45:10.793756] [WARN] Server: Client connected without auth: UKu0iDQhDyHyi751AAAB
[2024-12-30 14:45:13.522809] [WARN] Server: Client connected without auth: yLBscgJrfFTTH4qmAAAD
[2024-12-30 14:45:21.255345] [INFO] Server: Client disconnected: UKu0iDQhDyHyi751AAAB
[2024-12-30 14:45:21.269307] [INFO] Server: 访问首页
[2024-12-30 14:45:21.283272] [INFO] Server: 从数据库加载了 6 个设备
[2024-12-30 14:45:21.354080] [WARN] Server: Client connected without auth: 58kZb3bfuo88rn7wAAAF
[2024-12-30 14:45:29.373010] [INFO] Server: Client disconnected: yLBscgJrfFTTH4qmAAAD
[2024-12-30 14:45:39.412450] [WARN] Server: Client connected without auth: EXshcGFaufRspid6AAAH
[2024-12-30 14:45:48.939480] [INFO] Server: 设置当前设备ID: TEST1
[2024-12-30 14:46:39.542277] [INFO] Server: 收到命令请求: {'device_id': 'TEST1', 'command': 'aa'}
[2024-12-30 14:46:39.545270] [INFO] Server: 执行设备命令: TEST1 aa
[2024-12-30 14:46:39.557238] [INFO] Server: 从数据库加载了 6 个设备
[2024-12-30 14:46:39.904827] [INFO] Server: 命令已发送到 SID: tvhzcn6Q5IVzFYi3AAAV
[2024-12-30 15:11:28.281497] [INFO] Server: Client disconnected: EXshcGFaufRspid6AAAH
[2024-12-30 15:11:39.246111] [WARN] Server: Client connected without auth: NkB_wjc-vWY9dT-7AAAJ
[2024-12-30 15:11:49.836848] [INFO] Server: Client disconnected: NkB_wjc-vWY9dT-7AAAJ
[2024-12-30 15:12:11.235107] [INFO] Server: Client disconnected: 58kZb3bfuo88rn7wAAAF
[2024-12-30 15:12:24.183165] [ERROR] Server: 处理连接时出错: 'str' object has no attribute 'name'
[2024-12-30 15:12:24.247992] [ERROR] Server: Traceback (most recent call last):
  File "D:\Program Files\Python38\lib\site-packages\flask_socketio\__init__.py", line 762, in _handle_event
    ret = handler(auth)
TypeError: handle_connect() takes 0 positional arguments but 1 was given

During handling of the above exception, another exception occurred:

Traceback (most recent call last):
  File "E:\Project\Android-Auto-Api\server\app\websocket.py", line 44, in handle_connect
    Log.i(__file__.name, f"连接认证信息: auth={auth}, device_id={device_id}, sid={request.sid}")
AttributeError: 'str' object has no attribute 'name'

[2024-12-30 15:14:04.199824] [INFO] Server: Client disconnected: EiDzjJhRshS5SN74AAAB
[2024-12-30 15:14:16.279629] [ERROR] Server: 处理连接时出错: [WinError 183] 当文件已存在时，无法创建该文件。: 'E:\\Project\\Android-Auto-Api\\server\\app\\websocket.py'
[2024-12-30 15:14:16.379018] [ERROR] Server: Traceback (most recent call last):
  File "D:\Program Files\Python38\lib\site-packages\flask_socketio\__init__.py", line 762, in _handle_event
    ret = handler(auth)
TypeError: handle_connect() takes 0 positional arguments but 1 was given

During handling of the above exception, another exception occurred:

Traceback (most recent call last):
  File "E:\Project\Android-Auto-Api\server\app\websocket.py", line 45, in handle_connect
    Log.i(__file__, "连接认证信息: auth={auth}, device_id={device_id}, sid={request.sid}")
  File "E:\Project\Android-Auto-Api\server\app\logger.py", line 48, in i
    Log._log('INFO', source, message)
  File "E:\Project\Android-Auto-Api\server\app\logger.py", line 26, in _log
    log_path = Log.get_log_path('server' if source == 'Server' else source)
  File "E:\Project\Android-Auto-Api\server\app\logger.py", line 14, in get_log_path
    log_dir.mkdir(parents=True, exist_ok=True)
  File "D:\Program Files\Python38\lib\pathlib.py", line 1281, in mkdir
    self._accessor.mkdir(self, mode)
FileExistsError: [WinError 183] 当文件已存在时，无法创建该文件。: 'E:\\Project\\Android-Auto-Api\\server\\app\\websocket.py'

[2024-12-30 15:15:31.314445] [INFO] Server: Client disconnected: zUrpBoF6zcqnR_s-AAAB
[2024-12-30 15:15:43.269704] [INFO] Server: 连接认证信息: auth={}, device_id=None, sid=yNSk-vdWAIK_LTCvAAAB
[2024-12-30 15:16:14.070310] [INFO] Server: 连接认证信息: auth={}, device_id=None, sid=ca6rvsRX4hgSuCq0AAAD
[2024-12-30 15:16:34.065617] [INFO] Server: 设置当前设备ID: love
[2024-12-30 15:16:34.761365] [INFO] Server: 设置当前设备ID: TEST1
[2024-12-30 15:16:37.542574] [INFO] Server: 收到命令请求: {'device_id': 'TEST1', 'command': 'aa'}
[2024-12-30 15:16:37.546575] [INFO] Server: 执行设备命令: TEST1 aa
[2024-12-30 15:16:37.571686] [INFO] Server: 从数据库加载了 6 个设备
[2024-12-30 15:16:38.006540] [INFO] Server: 准备发送命令到设备 TEST1 sid: tvhzcn6Q5IVzFYi3AAAV
[2024-12-30 15:16:38.011558] [INFO] Server: 命令已发送到 SID: tvhzcn6Q5IVzFYi3AAAV
[2024-12-30 15:23:19.369188] [INFO] Server: Client disconnected: ca6rvsRX4hgSuCq0AAAD
[2024-12-30 15:23:31.264612] [INFO] Server: 连接认证信息: auth={}, device_id=None, sid=VK01HwHpH7huxbQvAAAF
[2024-12-30 15:24:04.788682] [INFO] Server: 设置当前设备ID: love
[2024-12-30 15:24:05.363018] [INFO] Server: 设置当前设备ID: TEST1
[2024-12-30 15:24:09.002632] [INFO] Server: 收到命令请求: {'device_id': 'TEST1', 'command': 'aa'}
[2024-12-30 15:24:09.006621] [INFO] Server: 执行设备命令: TEST1 aa
[2024-12-30 15:24:09.025571] [INFO] Server: 从数据库加载了 6 个设备
[2024-12-30 15:24:09.493223] [INFO] Server: 准备发送命令到设备 TEST1 sid: tvhzcn6Q5IVzFYi3AAAV
[2024-12-30 15:24:09.497244] [INFO] Server: 命令已发送到 SID: tvhzcn6Q5IVzFYi3AAAV
[2024-12-30 15:25:22.726749] [INFO] Server: 从数据库加载了 6 个设备
[2024-12-30 15:26:05.798778] [INFO] Server: Client disconnected: VK01HwHpH7huxbQvAAAF
[2024-12-30 15:32:01.290844] [INFO] Server: 连接认证信息: auth={}, device_id=None, sid=BYLITJfS8eMAXyRwAAAH
[2024-12-30 15:32:22.024131] [INFO] Server: Client disconnected: BYLITJfS8eMAXyRwAAAH
[2024-12-30 15:32:37.444562] [INFO] Server: 连接认证信息: auth={}, device_id=None, sid=5tY-t8wNMB2M3q0tAAAJ
[2024-12-30 15:32:48.632946] [INFO] Server: 设置当前设备ID: TEST1
[2024-12-30 15:32:51.762680] [INFO] Server: 收到命令请求: {'device_id': 'TEST1', 'command': 'aa'}
[2024-12-30 15:32:51.766631] [INFO] Server: 执行设备命令: TEST1 aa
[2024-12-30 15:32:51.779598] [INFO] Server: 从数据库加载了 6 个设备
[2024-12-30 15:32:52.101150] [INFO] Server: 准备发送命令到设备 TEST1 sid: tvhzcn6Q5IVzFYi3AAAV
[2024-12-30 15:32:52.104255] [INFO] Server: 命令已发送到 SID: tvhzcn6Q5IVzFYi3AAAV
[2024-12-30 15:38:43.644391] [INFO] Server: Client disconnected: yNSk-vdWAIK_LTCvAAAB
[2024-12-30 15:38:43.647384] [INFO] Server: Client disconnected: 5tY-t8wNMB2M3q0tAAAJ
[2024-12-30 15:38:53.059135] [INFO] Server: 连接认证信息: auth={}, device_id=None, sid=xEyuOek3G8xb94FVAAAB
[2024-12-30 15:38:53.062128] [WARN] Server: Client connected without auth: xEyuOek3G8xb94FVAAAB
[2024-12-30 15:38:57.255647] [INFO] Server: 连接认证信息: auth={}, device_id=None, sid=aeHR0xTjEju08EE9AAAD
[2024-12-30 15:38:57.256645] [WARN] Server: Client connected without auth: aeHR0xTjEju08EE9AAAD
[2024-12-30 15:39:03.582184] [INFO] Server: Client disconnected: xEyuOek3G8xb94FVAAAB
[2024-12-30 15:39:11.683838] [INFO] Server: 连接认证信息: auth={}, device_id=None, sid=OLK4vuv-hp_hzUQQAAAF
[2024-12-30 15:39:11.684835] [WARN] Server: Client connected without auth: OLK4vuv-hp_hzUQQAAAF
[2024-12-30 15:39:57.564755] [INFO] Server: 设置当前设备ID: TEST1
[2024-12-30 15:40:00.677917] [INFO] Server: 收到命令请求: {'device_id': 'TEST1', 'command': 'aa'}
[2024-12-30 15:40:00.681916] [INFO] Server: 执行设备命令: TEST1 aa
[2024-12-30 15:40:00.701162] [INFO] Server: 从数据库加载了 6 个设备
[2024-12-30 15:40:01.075159] [INFO] Server: 设备 TEST1 当前 SID: tvhzcn6Q5IVzFYi3AAAV
[2024-12-30 15:40:01.096938] [INFO] Server: 命令已发送到 SID: tvhzcn6Q5IVzFYi3AAAV
[2024-12-30 15:41:19.081461] [INFO] Server: Client disconnected: OLK4vuv-hp_hzUQQAAAF
[2024-12-30 15:41:29.266781] [INFO] Server: 连接认证信息: auth={}, device_id=None, sid=kj4tLgyVj1pD6OFJAAAH
[2024-12-30 15:41:29.268775] [WARN] Server: Client connected without auth: kj4tLgyVj1pD6OFJAAAH
[2024-12-30 15:41:41.762350] [INFO] Server: 收到命令请求: {'device_id': 'TEST1', 'command': 'aa'}
[2024-12-30 15:41:41.766351] [INFO] Server: 执行设备命令: TEST1 aa
[2024-12-30 15:41:41.780249] [INFO] Server: 从数据库加载了 6 个设备
[2024-12-30 15:41:42.178465] [INFO] Server: 设备 TEST1 当前 SID: tvhzcn6Q5IVzFYi3AAAV
[2024-12-30 15:41:42.186440] [INFO] Server: 命令已发送到 SID: tvhzcn6Q5IVzFYi3AAAV
[2024-12-30 15:50:36.263487] [INFO] Server: Client disconnected: kj4tLgyVj1pD6OFJAAAH
[2024-12-30 15:51:02.859303] [INFO] Server: Client disconnected: aeHR0xTjEju08EE9AAAD
[2024-12-30 15:51:16.254231] [INFO] Server: 连接认证信息: auth=None, sid=BfcgJQz1NSPHIATWAAAB
[2024-12-30 15:51:16.254231] [ERROR] Server: Client connected without device_id
[2024-12-30 15:51:29.533292] [INFO] Server: 连接认证信息: auth=None, sid=392VDdZ4D-RHqTwoAAAD
[2024-12-30 15:51:29.536285] [ERROR] Server: Client connected without device_id
[2024-12-30 16:03:31.533043] [INFO] Server: Client disconnected: 392VDdZ4D-RHqTwoAAAD
[2024-12-30 16:03:31.535038] [INFO] Server: Client disconnected: BfcgJQz1NSPHIATWAAAB
[2024-12-30 16:04:01.260236] [INFO] Server: 连接请求: auth={}, sid=XXMRAf4bg2aSAMKrAAAB
[2024-12-30 16:04:01.261233] [INFO] Server: 连接请求: device_id=None, sid=XXMRAf4bg2aSAMKrAAAB
[2024-12-30 16:04:01.263227] [ERROR] Server: Client connected without device_id
[2024-12-30 16:04:08.124037] [INFO] Server: 连接请求: auth={}, sid=mGj2PUQugPFuSs2aAAAD
[2024-12-30 16:04:08.127029] [INFO] Server: 连接请求: device_id=None, sid=mGj2PUQugPFuSs2aAAAD
[2024-12-30 16:04:08.129024] [ERROR] Server: Client connected without device_id
[2024-12-30 16:04:19.942002] [INFO] Server: Client disconnected: XXMRAf4bg2aSAMKrAAAB
[2024-12-30 16:04:19.963941] [INFO] Server: 访问首页
[2024-12-30 16:04:19.979933] [INFO] Server: 从数据库加载了 6 个设备
[2024-12-30 16:04:20.054699] [INFO] Server: 连接请求: auth={}, sid=KuqKlMAp26lFXoCxAAAF
[2024-12-30 16:04:20.056692] [INFO] Server: 连接请求: device_id=None, sid=KuqKlMAp26lFXoCxAAAF
[2024-12-30 16:04:20.058687] [ERROR] Server: Client connected without device_id
[2024-12-30 16:04:22.990091] [INFO] Server: 设置当前设备ID: TEST1
[2024-12-30 16:04:42.240576] [INFO] Server: Client disconnected: mGj2PUQugPFuSs2aAAAD
[2024-12-30 16:04:51.549857] [INFO] Server: 连接请求: auth={}, sid=D44QmanX8E7f0I2SAAAH
[2024-12-30 16:04:51.551846] [INFO] Server: 连接请求: device_id=None, sid=D44QmanX8E7f0I2SAAAH
[2024-12-30 16:04:51.552848] [ERROR] Server: Client connected without device_id
[2024-12-30 16:07:10.819182] [INFO] Server: Client disconnected: D44QmanX8E7f0I2SAAAH
[2024-12-30 16:07:19.490794] [INFO] Server: 连接请求: auth={}, sid=6-gqC2bvH9wgNJBBAAAJ
[2024-12-30 16:07:19.494719] [INFO] Server: 连接请求: device_id=None, sid=6-gqC2bvH9wgNJBBAAAJ
[2024-12-30 16:07:19.498710] [ERROR] Server: Client connected without device_id
[2024-12-30 16:07:38.333830] [INFO] Server: Client disconnected: 6-gqC2bvH9wgNJBBAAAJ
[2024-12-30 16:07:49.281705] [INFO] Server: 连接请求: auth={}, sid=VtiWSbSdxmAJoB7mAAAL
[2024-12-30 16:07:49.284651] [INFO] Server: 连接请求: device_id=None, sid=VtiWSbSdxmAJoB7mAAAL
[2024-12-30 16:07:49.287642] [ERROR] Server: Client connected without device_id
[2024-12-30 16:09:53.637490] [INFO] Server: Client disconnected: VtiWSbSdxmAJoB7mAAAL
[2024-12-30 16:10:10.159711] [INFO] Server: Client disconnected: KuqKlMAp26lFXoCxAAAF
[2024-12-30 16:10:22.259597] [INFO] Server: 连接请求: auth=None, sid=bfZvXDXUM_0WBeTAAAAB
[2024-12-30 16:10:22.264385] [INFO] Server: 连接请求: device_id=None, sid=bfZvXDXUM_0WBeTAAAAB
[2024-12-30 16:10:22.265382] [ERROR] Server: Client connected without device_id
[2024-12-30 16:10:32.536006] [INFO] Server: 连接请求: auth=None, sid=3cCRVlK9aVuWKRmaAAAD
[2024-12-30 16:10:32.538998] [INFO] Server: 连接请求: device_id=None, sid=3cCRVlK9aVuWKRmaAAAD
[2024-12-30 16:10:32.541991] [ERROR] Server: Client connected without device_id
[2024-12-30 16:27:44.226071] [INFO] Server: Client disconnected: 3cCRVlK9aVuWKRmaAAAD
[2024-12-30 16:27:52.470398] [INFO] Server: Client disconnected: bfZvXDXUM_0WBeTAAAAB
[2024-12-30 16:28:07.264537] [INFO] Server: 连接请求: auth=None, sid=o2Oy2CPUUU6N0GorAAAB
[2024-12-30 16:28:07.265535] [INFO] Server: 连接请求: device_id=None, sid=o2Oy2CPUUU6N0GorAAAB
[2024-12-30 16:28:07.267530] [ERROR] Server: Client connected without device_id
[2024-12-30 16:28:20.676311] [INFO] Server: 连接请求: auth=None, sid=vgO2jQ3uKOvrQ8cQAAAD
[2024-12-30 16:28:20.677309] [INFO] Server: 连接请求: device_id=None, sid=vgO2jQ3uKOvrQ8cQAAAD
[2024-12-30 16:28:20.678306] [ERROR] Server: Client connected without device_id
[2024-12-30 16:28:43.643062] [INFO] Server: Client disconnected: vgO2jQ3uKOvrQ8cQAAAD
[2024-12-30 16:28:58.115520] [INFO] Server: 连接请求: auth=None, sid=I3Y8W_Et4Lx5jq-nAAAF
[2024-12-30 16:28:58.116613] [INFO] Server: 连接请求: device_id=None, sid=I3Y8W_Et4Lx5jq-nAAAF
[2024-12-30 16:28:58.116613] [ERROR] Server: Client connected without device_id
[2024-12-30 16:31:49.188569] [INFO] Server: Client disconnected: I3Y8W_Et4Lx5jq-nAAAF
[2024-12-30 16:32:17.280688] [INFO] Server: 连接请求: auth=None, sid=yULY4TKHCe6ca2WgAAAB
[2024-12-30 16:32:17.281685] [INFO] Server: 连接请求: device_id=None, sid=yULY4TKHCe6ca2WgAAAB
[2024-12-30 16:32:17.282682] [ERROR] Server: Client connected without device_id
[2024-12-30 16:33:42.308059] [INFO] Server: 连接请求: auth=None, sid=sAg3f01923n2nCJGAAAD
[2024-12-30 16:33:42.309057] [INFO] Server: 连接请求: device_id=None, sid=sAg3f01923n2nCJGAAAD
[2024-12-30 16:33:42.310054] [ERROR] Server: Client connected without device_id
[2024-12-30 16:37:23.982046] [INFO] Server: Client disconnected: sAg3f01923n2nCJGAAAD
[2024-12-30 16:37:37.313451] [INFO] Server: Client disconnected: yULY4TKHCe6ca2WgAAAB
[2024-12-30 16:38:19.254032] [INFO] Server: 连接请求: device_id=None, sid=elKVwVpYoyhknTN6AAAB
[2024-12-30 16:38:19.255030] [ERROR] Server: Client connected without device_id
[2024-12-30 16:38:24.774471] [INFO] Server: 连接请求: device_id=TEST1, sid=hEfByDhdObbztqm5AAAD
[2024-12-30 16:38:24.783447] [INFO] Server: 从数据库加载了 6 个设备
[2024-12-30 16:38:24.790429] [INFO] Server: 设备 TEST1 连接成功, SID: hEfByDhdObbztqm5AAAD
[2024-12-30 16:39:17.091651] [INFO] Server: 设置当前设备ID: TEST1
[2024-12-30 16:39:20.036212] [INFO] Server: 收到命令请求: {'device_id': 'TEST1', 'command': 'aa'}
[2024-12-30 16:39:20.037209] [INFO] Server: 执行设备命令: TEST1 aa
[2024-12-30 16:39:20.040202] [INFO] Server: 从数据库加载了 6 个设备
[2024-12-30 16:39:20.312222] [INFO] Server: 设备 TEST1 当前 SID: tvhzcn6Q5IVzFYi3AAAV
[2024-12-30 16:39:20.324221] [INFO] Server: 命令已发送到 SID: tvhzcn6Q5IVzFYi3AAAV
[2024-12-30 16:40:12.937569] [INFO] Server: Client disconnected: hEfByDhdObbztqm5AAAD
[2024-12-30 16:40:24.176809] [INFO] Server: 连接请求: device_id=TEST1, sid=Gn5qpT_R7uAQMtEfAAAF
[2024-12-30 16:40:24.189684] [INFO] Server: 从数据库加载了 6 个设备
[2024-12-30 16:40:24.207047] [INFO] Server: 设备 TEST1 连接成功, SID: Gn5qpT_R7uAQMtEfAAAF
[2024-12-30 16:43:44.239437] [INFO] Server: Client disconnected: Gn5qpT_R7uAQMtEfAAAF
[2024-12-30 16:43:44.477220] [INFO] Server: Client disconnected: elKVwVpYoyhknTN6AAAB
[2024-12-30 16:44:04.039060] [INFO] Server: 连接请求: device_id=None, sid=80QpQI8B3F3Sl8mwAAAB
[2024-12-30 16:44:04.043053] [ERROR] Server: Client connected without device_id
[2024-12-30 16:44:10.363028] [INFO] Server: 连接请求: device_id=TEST1, sid=_w1dUpU524IlUK4GAAAD
[2024-12-30 16:44:10.384972] [INFO] Server: 从数据库加载了 6 个设备
[2024-12-30 16:44:10.397917] [INFO] Server: 设备 TEST1 连接成功, SID: _w1dUpU524IlUK4GAAAD
[2024-12-30 16:45:10.061458] [INFO] Server: 连接请求: device_id=TEST1, sid=IA28XFBVvXT55jG6AAAF
[2024-12-30 16:45:10.064449] [INFO] Server: 从数据库加载了 6 个设备
[2024-12-30 16:45:10.069436] [INFO] Server: 设备 TEST1 连接成功, SID: IA28XFBVvXT55jG6AAAF
[2024-12-30 16:49:10.446329] [INFO] Server: Client disconnected: _w1dUpU524IlUK4GAAAD
[2024-12-30 16:49:10.453313] [INFO] Server: Client disconnected: IA28XFBVvXT55jG6AAAF
[2024-12-30 16:49:10.743787] [INFO] Server: Client disconnected: 80QpQI8B3F3Sl8mwAAAB
[2024-12-30 16:49:22.297002] [INFO] Server: 连接请求: device_id=None, sid=4Pc4bwzG6ATb9t8rAAAB
[2024-12-30 16:49:22.297999] [ERROR] Server: Client connected without device_id
[2024-12-30 16:49:28.112961] [INFO] Server: 连接请求: device_id=TEST1, sid=1qW9I8cY-FUlF5ViAAAD
[2024-12-30 16:49:28.119943] [INFO] Server: 从数据库加载了 6 个设备
[2024-12-30 16:49:28.128920] [INFO] Server: 设备 TEST1 连接成功, SID: 1qW9I8cY-FUlF5ViAAAD
[2024-12-30 16:49:28.622435] [INFO] Server: 连接请求: device_id=TEST1, sid=tBs6SxVykhM2ON3uAAAF
[2024-12-30 16:49:28.629416] [INFO] Server: 设备 TEST1 连接成功, SID: tBs6SxVykhM2ON3uAAAF
[2024-12-30 16:49:53.127409] [INFO] Server: Client disconnected: 1qW9I8cY-FUlF5ViAAAD
[2024-12-30 16:49:53.132689] [INFO] Server: Client disconnected: tBs6SxVykhM2ON3uAAAF
[2024-12-30 16:49:53.453355] [INFO] Server: Client disconnected: 4Pc4bwzG6ATb9t8rAAAB
[2024-12-30 16:50:05.774987] [INFO] Server: 连接请求: device_id=None, sid=TD3DUjxdt_2t_ljYAAAB
[2024-12-30 16:50:05.775984] [ERROR] Server: Client connected without device_id
[2024-12-30 16:50:10.272734] [INFO] Server: 连接请求: device_id=TEST1, sid=bEbmPymw9cm46WWLAAAD
[2024-12-30 16:50:10.284938] [INFO] Server: 从数据库加载了 6 个设备
[2024-12-30 16:50:10.300867] [INFO] Server: 设备 TEST1 连接成功, SID: bEbmPymw9cm46WWLAAAD
[2024-12-30 16:50:11.281842] [INFO] Server: 连接请求: device_id=TEST1, sid=WQgVwyGZFEsmP8lHAAAF
[2024-12-30 16:50:11.303821] [INFO] Server: 设备 TEST1 连接成功, SID: WQgVwyGZFEsmP8lHAAAF
[2024-12-30 16:50:29.123230] [INFO] Server: Client disconnected: WQgVwyGZFEsmP8lHAAAF
[2024-12-30 16:50:29.370708] [INFO] Server: Client disconnected: bEbmPymw9cm46WWLAAAD
[2024-12-30 16:50:45.735199] [INFO] Server: 连接请求: device_id=TEST1, sid=2FRnadVWAqVXfjbJAAAH
[2024-12-30 16:50:45.742148] [INFO] Server: 设备 TEST1 连接成功, SID: 2FRnadVWAqVXfjbJAAAH
[2024-12-30 16:53:50.780756] [INFO] Server: Client disconnected: TD3DUjxdt_2t_ljYAAAB
[2024-12-30 16:53:50.785778] [INFO] Server: Client disconnected: 2FRnadVWAqVXfjbJAAAH
[2024-12-30 16:54:10.265162] [INFO] Server: 连接请求: device_id=None, sid=tIuUgYwlLFBW8tXPAAAB
[2024-12-30 16:54:10.268154] [ERROR] Server: Client connected without device_id
[2024-12-30 16:54:17.012962] [INFO] Server: 连接请求: device_id=TEST1, sid=ucl0IG0KtyttXAFCAAAD
[2024-12-30 16:54:17.023234] [INFO] Server: 从数据库加载了 6 个设备
[2024-12-30 16:54:17.036172] [INFO] Server: 设备 TEST1 连接成功, SID: ucl0IG0KtyttXAFCAAAD
[2024-12-30 17:00:17.165473] [INFO] Server: Client disconnected: tIuUgYwlLFBW8tXPAAAB
[2024-12-30 17:00:17.170495] [INFO] Server: Client disconnected: ucl0IG0KtyttXAFCAAAD
[2024-12-30 17:00:36.520476] [INFO] Server: 连接请求: device_id=None, sid=6BMCyMoxIeCsYcAlAAAB
[2024-12-30 17:00:36.521475] [ERROR] Server: Client connected without device_id
[2024-12-30 17:00:42.377631] [INFO] Server: 连接请求: device_id=TEST1, sid=_q6DZYWiB0nqneIpAAAD
[2024-12-30 17:00:42.398577] [ERROR] Server: 加载数据库出错: (sqlite3.OperationalError) no such column: devices.created_at
[SQL: SELECT devices.device_id AS devices_device_id, devices.status AS devices_status, devices.last_seen AS devices_last_seen, devices.info AS devices_info, devices.created_at AS devices_created_at, devices.updated_at AS devices_updated_at 
FROM devices]
(Background on this error at: https://sqlalche.me/e/14/e3q8)
[2024-12-30 17:00:42.407509] [ERROR] Server: 保存数据库出错: (sqlite3.OperationalError) no such column: devices.created_at
[SQL: SELECT devices.device_id AS devices_device_id, devices.status AS devices_status, devices.last_seen AS devices_last_seen, devices.info AS devices_info, devices.created_at AS devices_created_at, devices.updated_at AS devices_updated_at 
FROM devices 
WHERE devices.device_id = ?
 LIMIT ? OFFSET ?]
[parameters: ('TEST1', 1, 0)]
(Background on this error at: https://sqlalche.me/e/14/e3q8)
[2024-12-30 17:00:42.421472] [INFO] Server: 设备 TEST1 连接成功, SID: _q6DZYWiB0nqneIpAAAD
[2024-12-30 17:00:42.792575] [INFO] Server: Client disconnected: _q6DZYWiB0nqneIpAAAD
[2024-12-30 17:01:03.271472] [INFO] Server: 连接请求: device_id=TEST1, sid=BeFz2wtWRxuA18cLAAAF
[2024-12-30 17:01:03.277457] [INFO] Server: 设备 TEST1 连接成功, SID: BeFz2wtWRxuA18cLAAAF
[2024-12-30 17:07:35.590478] [INFO] Server: Client disconnected: BeFz2wtWRxuA18cLAAAF
[2024-12-30 17:07:51.660380] [INFO] Server: Client disconnected: 6BMCyMoxIeCsYcAlAAAB
[2024-12-30 17:08:02.272176] [INFO] Server: 连接请求: device_id=None, sid=Bpse_zhESSd3FLGCAAAB
[2024-12-30 17:08:02.275169] [ERROR] Server: Client connected without device_id
[2024-12-30 17:08:52.286471] [INFO] Server: Client disconnected: Bpse_zhESSd3FLGCAAAB
[2024-12-30 17:09:05.252876] [INFO] Server: 连接请求: device_id=None, sid=exAy8QhJ-HSfSEuVAAAB
[2024-12-30 17:09:05.254870] [ERROR] Server: Client connected without device_id
[2024-12-30 17:14:55.579476] [INFO] Server: Client disconnected: exAy8QhJ-HSfSEuVAAAB
[2024-12-30 17:15:07.459766] [INFO] Server: 连接请求: device_id=None, sid=0Mp2WSl2qBFU-UC7AAAB
[2024-12-30 17:15:07.460764] [ERROR] Server: Client connected without device_id
[2024-12-30 17:15:26.624273] [INFO] Server: 连接请求: device_id=TEST1, sid=_tGrSU4ZzkOrHNdxAAAD
[2024-12-30 17:15:26.757915] [INFO] Server: 从数据库加载了 6 个设备
[2024-12-30 17:15:26.768886] [INFO] Server: 设备 TEST1 连接成功, SID: _tGrSU4ZzkOrHNdxAAAD
[2024-12-30 17:15:51.542165] [INFO] Server: 收到命令请求: {'device_id': 'TEST1', 'command': 'aa'}
[2024-12-30 17:15:51.543190] [INFO] Server: 执行设备命令: TEST1 aa
[2024-12-30 17:15:51.549146] [INFO] Server: 从数据库加载了 6 个设备
[2024-12-30 17:15:51.825319] [INFO] Server: 设备 TEST1 当前 SID: tvhzcn6Q5IVzFYi3AAAV
[2024-12-30 17:15:51.838288] [INFO] Server: 命令已发送到 SID: tvhzcn6Q5IVzFYi3AAAV
[2024-12-30 17:16:27.209392] [INFO] Server: Client disconnected: 0Mp2WSl2qBFU-UC7AAAB
[2024-12-30 17:16:27.233328] [INFO] Server: 访问首页
[2024-12-30 17:16:27.253273] [INFO] Server: 从数据库加载了 6 个设备
[2024-12-30 17:16:27.317102] [INFO] Server: 连接请求: device_id=None, sid=Y0izBNz3MXnortWSAAAF
[2024-12-30 17:16:27.319096] [ERROR] Server: Client connected without device_id
[2024-12-30 17:16:30.728773] [INFO] Server: 设置当前设备ID: test3
[2024-12-30 17:20:29.027804] [INFO] Server: Client disconnected: _tGrSU4ZzkOrHNdxAAAD
[2024-12-30 17:20:39.983390] [INFO] Server: 连接请求: device_id=TEST1, sid=wOFurjMpfW2NcvttAAAH
[2024-12-30 17:20:40.001060] [INFO] Server: 从数据库加载了 6 个设备
[2024-12-30 17:20:40.013147] [INFO] Server: 设备 TEST1 连接成功, SID: wOFurjMpfW2NcvttAAAH
[2024-12-30 17:21:04.415750] [INFO] Server: 收到命令请求: {'device_id': 'test3', 'command': 'aa'}
[2024-12-30 17:21:04.418743] [INFO] Server: 执行设备命令: test3 aa
[2024-12-30 17:21:04.434700] [INFO] Server: 从数据库加载了 6 个设备
[2024-12-30 17:21:04.746608] [INFO] Server: 设备 test3 当前 SID: yUGt4g0oPyM2IgKoAABB
[2024-12-30 17:21:04.754338] [INFO] Server: 命令已发送到 SID: yUGt4g0oPyM2IgKoAABB
[2024-12-30 17:21:21.253517] [INFO] Server: 设置当前设备ID: TEST1
[2024-12-30 17:21:25.681849] [INFO] Server: 收到命令请求: {'device_id': 'TEST1', 'command': 'aa'}
[2024-12-30 17:21:25.684837] [INFO] Server: 执行设备命令: TEST1 aa
[2024-12-30 17:21:25.700797] [INFO] Server: 从数据库加载了 6 个设备
[2024-12-30 17:21:26.010752] [INFO] Server: 设备 TEST1 当前 SID: tvhzcn6Q5IVzFYi3AAAV
[2024-12-30 17:21:26.018731] [INFO] Server: 命令已发送到 SID: tvhzcn6Q5IVzFYi3AAAV
[2024-12-30 17:21:51.963803] [INFO] Server: Client disconnected: wOFurjMpfW2NcvttAAAH
[2024-12-30 17:22:02.210180] [INFO] Server: 连接请求: device_id=TEST1, sid=3eeDCwtPuOd8iSRWAAAJ
[2024-12-30 17:22:02.215179] [INFO] Server: 从数据库加载了 6 个设备
[2024-12-30 17:22:02.225141] [INFO] Server: 设备 TEST1 连接成功, SID: 3eeDCwtPuOd8iSRWAAAJ
[2024-12-30 17:22:38.073873] [INFO] Server: 收到命令请求: {'device_id': 'TEST1', 'command': 'aa'}
[2024-12-30 17:22:38.077851] [INFO] Server: 执行设备命令: TEST1 aa
[2024-12-30 17:22:38.094651] [INFO] Server: 从数据库加载了 6 个设备
[2024-12-30 17:22:38.397406] [INFO] Server: 设备 TEST1 当前 SID: tvhzcn6Q5IVzFYi3AAAV
[2024-12-30 17:22:38.404763] [INFO] Server: 命令已发送到 SID: tvhzcn6Q5IVzFYi3AAAV
[2024-12-30 17:23:14.677252] [INFO] Server: Client disconnected: 3eeDCwtPuOd8iSRWAAAJ
[2024-12-30 17:23:23.815598] [INFO] Server: 连接请求: device_id=TEST1, sid=7nYdZHaZ4ibCsQDOAAAL
[2024-12-30 17:23:23.820584] [INFO] Server: 从数据库加载了 6 个设备
[2024-12-30 17:23:23.827565] [INFO] Server: 设备 TEST1 连接成功, SID: 7nYdZHaZ4ibCsQDOAAAL
[2024-12-30 17:24:57.444092] [INFO] Server: Client disconnected: Y0izBNz3MXnortWSAAAF
[2024-12-30 17:24:57.449079] [INFO] Server: Client disconnected: 7nYdZHaZ4ibCsQDOAAAL
[2024-12-30 17:25:16.210437] [INFO] Server: 访问首页
[2024-12-30 17:25:16.222405] [INFO] Server: 从数据库加载了 6 个设备
[2024-12-30 17:25:16.321141] [INFO] Server: 连接请求: device_id=TEST1, sid=oHSHqTZddqSoyNzDAAAB
[2024-12-30 17:25:16.597615] [INFO] Server: 设备 TEST1 连接成功, SID: oHSHqTZddqSoyNzDAAAB
[2024-12-30 17:25:16.873565] [INFO] Server: 连接请求: device_id=None, sid=9CvJjpWUPLbWH042AAAD
[2024-12-30 17:25:16.874563] [ERROR] Server: Client connected without device_id
[2024-12-30 17:25:19.308211] [INFO] Server: Client disconnected: 9CvJjpWUPLbWH042AAAD
[2024-12-30 17:25:19.315177] [INFO] Server: 访问首页
[2024-12-30 17:25:19.322159] [INFO] Server: 从数据库加载了 6 个设备
[2024-12-30 17:25:19.382996] [INFO] Server: 连接请求: device_id=None, sid=Gv_1uBc_VvkkTI5BAAAF
[2024-12-30 17:25:19.383993] [ERROR] Server: Client connected without device_id
[2024-12-30 17:25:27.974717] [INFO] Server: Client disconnected: oHSHqTZddqSoyNzDAAAB
[2024-12-30 17:25:37.083651] [INFO] Server: 连接请求: device_id=TEST1, sid=Yics6XZvDbIqzaIBAAAH
[2024-12-30 17:25:37.157369] [INFO] Server: 从数据库加载了 6 个设备
[2024-12-30 17:25:37.464698] [INFO] Server: 设备 TEST1 连接成功, SID: Yics6XZvDbIqzaIBAAAH
[2024-12-30 17:25:42.242375] [INFO] Server: 设置当前设备ID: TEST1
[2024-12-30 17:26:02.004500] [INFO] Server: 设置当前设备ID: TEST1
[2024-12-30 17:26:06.814354] [INFO] Server: 收到命令请求: {'device_id': 'TEST1', 'command': 'aa'}
[2024-12-30 17:26:06.815351] [INFO] Server: 执行设备命令: TEST1 aa
[2024-12-30 17:26:06.822332] [INFO] Server: 从数据库加载了 6 个设备
[2024-12-30 17:26:07.090836] [INFO] Server: 设备 TEST1 当前 SID: Yics6XZvDbIqzaIBAAAH
[2024-12-30 17:26:07.102806] [INFO] Server: 命令已发送到 SID: Yics6XZvDbIqzaIBAAAH
[2024-12-30 17:32:08.228623] [INFO] Server: Client disconnected: Yics6XZvDbIqzaIBAAAH
[2024-12-30 17:32:16.704645] [INFO] Server: 连接请求: device_id=TEST1, sid=uXtnQ_WaTEkuN7uIAAAJ
[2024-12-30 17:32:16.710621] [INFO] Server: 从数据库加载了 6 个设备
[2024-12-30 17:32:16.951842] [INFO] Server: 设备 TEST1 连接成功, SID: uXtnQ_WaTEkuN7uIAAAJ
[2024-12-30 17:32:26.459479] [INFO] Server: 收到命令请求: {'device_id': 'TEST1', 'command': 'aa'}
[2024-12-30 17:32:26.463479] [INFO] Server: 执行设备命令: TEST1 aa
[2024-12-30 17:32:26.477646] [INFO] Server: 从数据库加载了 6 个设备
[2024-12-30 17:32:26.802824] [INFO] Server: 设备 TEST1 当前 SID: uXtnQ_WaTEkuN7uIAAAJ
[2024-12-30 17:32:26.811748] [INFO] Server: 命令已发送到 SID: uXtnQ_WaTEkuN7uIAAAJ
[2024-12-30 17:39:54.662550] [INFO] Server: Client disconnected: uXtnQ_WaTEkuN7uIAAAJ
[2024-12-30 17:40:05.731874] [INFO] Server: 连接请求: device_id=TEST1, sid=JrmOBD7LYTbRuWBKAAAL
[2024-12-30 17:40:05.736861] [INFO] Server: 从数据库加载了 6 个设备
[2024-12-30 17:40:06.034472] [INFO] Server: 设备 TEST1 连接成功, SID: JrmOBD7LYTbRuWBKAAAL
[2024-12-30 17:40:11.328918] [INFO] Server: 收到命令请求: {'device_id': 'TEST1', 'command': 'aa'}
[2024-12-30 17:40:11.330912] [INFO] Server: 执行设备命令: TEST1 aa
[2024-12-30 17:40:11.336896] [INFO] Server: 从数据库加载了 6 个设备
[2024-12-30 17:40:11.666349] [INFO] Server: 设备 TEST1 当前 SID: JrmOBD7LYTbRuWBKAAAL
[2024-12-30 17:40:11.671333] [INFO] Server: 命令已发送到 SID: JrmOBD7LYTbRuWBKAAAL
[2024-12-30 17:44:39.901730] [INFO] Server: Client disconnected: JrmOBD7LYTbRuWBKAAAL
[2024-12-30 17:44:39.903724] [INFO] Server: Client disconnected: Gv_1uBc_VvkkTI5BAAAF
[2024-12-30 17:44:48.759670] [INFO] Server: 连接请求: device_id=TEST1, sid=hoKS8JKX6TRHsIQqAAAB
[2024-12-30 17:44:48.770640] [INFO] Server: 从数据库加载了 6 个设备
[2024-12-30 17:44:49.070050] [INFO] Server: 设备 TEST1 连接成功, SID: hoKS8JKX6TRHsIQqAAAB
[2024-12-30 17:44:51.269893] [INFO] Server: 连接请求: device_id=None, sid=4kBSXvXouou_vWrEAAAD
[2024-12-30 17:44:51.272885] [ERROR] Server: Client connected without device_id
[2024-12-30 17:45:30.736311] [INFO] Server: Client disconnected: hoKS8JKX6TRHsIQqAAAB
[2024-12-30 17:45:41.089513] [INFO] Server: 连接请求: device_id=1, sid=gYIm0xxIOZzA5v8CAAAF
[2024-12-30 17:45:41.094499] [INFO] Server: 从数据库加载了 6 个设备
[2024-12-30 17:45:41.600779] [INFO] Server: 设备 1 连接成功, SID: gYIm0xxIOZzA5v8CAAAF
[2024-12-30 17:46:10.433338] [INFO] Server: 设置当前设备ID: 1
[2024-12-30 17:46:14.511084] [INFO] Server: 收到命令请求: {'device_id': '1', 'command': 'aa'}
[2024-12-30 17:46:14.515085] [INFO] Server: 执行设备命令: 1 aa
[2024-12-30 17:46:14.528077] [INFO] Server: 从数据库加载了 7 个设备
[2024-12-30 17:46:14.807689] [INFO] Server: 设备 1 当前 SID: gYIm0xxIOZzA5v8CAAAF
[2024-12-30 17:46:14.821272] [INFO] Server: 命令已发送到 SID: gYIm0xxIOZzA5v8CAAAF
[2024-12-30 17:51:48.835444] [INFO] Server: Client disconnected: gYIm0xxIOZzA5v8CAAAF
[2024-12-30 17:51:48.840432] [INFO] Server: Client disconnected: 4kBSXvXouou_vWrEAAAD
[2024-12-30 17:52:00.276993] [INFO] Server: 连接请求: device_id=None, sid=k9x8hubxigOnHfpyAAAB
[2024-12-30 17:52:00.280981] [ERROR] Server: Client connected without device_id
[2024-12-30 17:52:05.340490] [INFO] Server: 连接请求: device_id=1, sid=SrylpM0_4CvlCBLJAAAD
[2024-12-30 17:52:05.351462] [INFO] Server: 从数据库加载了 7 个设备
[2024-12-30 17:52:05.571188] [INFO] Server: 设备 1 连接成功, SID: SrylpM0_4CvlCBLJAAAD
[2024-12-30 17:52:10.114332] [INFO] Server: Client disconnected: SrylpM0_4CvlCBLJAAAD
[2024-12-30 17:52:18.427178] [INFO] Server: 连接请求: device_id=1, sid=5OMy9dvlvyko9SaiAAAF
[2024-12-30 17:52:19.010148] [INFO] Server: 设备 1 连接成功, SID: 5OMy9dvlvyko9SaiAAAF
[2024-12-30 17:52:32.695092] [INFO] Server: 设置当前设备ID: 1
[2024-12-30 17:52:35.608487] [INFO] Server: 收到命令请求: {'device_id': '1', 'command': 'aa'}
[2024-12-30 17:52:35.613148] [INFO] Server: 执行设备命令: 1 aa
[2024-12-30 17:52:35.630105] [INFO] Server: 从数据库加载了 7 个设备
[2024-12-30 17:52:35.939888] [INFO] Server: 设备 1 当前 SID: 5OMy9dvlvyko9SaiAAAF
[2024-12-30 17:52:35.944880] [INFO] Server: 命令已发送到 SID: 5OMy9dvlvyko9SaiAAAF
[2024-12-30 17:55:20.206608] [INFO] Server: 收到命令请求: {'device_id': '1', 'command': '点击 1 200'}
[2024-12-30 17:55:20.206608] [INFO] Server: 执行设备命令: 1 点击 1 200
[2024-12-30 17:55:20.229053] [INFO] Server: 从数据库加载了 7 个设备
[2024-12-30 17:55:20.415057] [INFO] Server: 设备 1 当前 SID: 5OMy9dvlvyko9SaiAAAF
[2024-12-30 17:55:20.419057] [INFO] Server: 命令已发送到 SID: 5OMy9dvlvyko9SaiAAAF
[2024-12-30 18:24:02.469126] [INFO] Server: Client disconnected: 5OMy9dvlvyko9SaiAAAF
[2024-12-30 18:27:41.007129] [INFO] Server: 连接请求: device_id=1, sid=-SjzEFGrtc2tuWj8AAAH
[2024-12-30 18:27:41.024035] [INFO] Server: 从数据库加载了 7 个设备
[2024-12-30 18:27:41.306695] [INFO] Server: 设备 1 连接成功, SID: -SjzEFGrtc2tuWj8AAAH
[2024-12-30 18:32:51.797637] [INFO] Server: Client disconnected: -SjzEFGrtc2tuWj8AAAH
[2024-12-30 18:33:01.196102] [INFO] Server: 连接请求: device_id=1, sid=B-mxHIGi9wRknJCGAAAJ
[2024-12-30 18:33:01.543879] [INFO] Server: 设备 1 连接成功, SID: B-mxHIGi9wRknJCGAAAJ
[2024-12-30 18:36:02.306759] [INFO] Server: Client disconnected: B-mxHIGi9wRknJCGAAAJ
[2024-12-30 18:36:14.589348] [INFO] Server: 连接请求: device_id=1, sid=oNp41H9yYALU2bgUAAAL
[2024-12-30 18:36:14.875865] [INFO] Server: 设备 1 连接成功, SID: oNp41H9yYALU2bgUAAAL
[2024-12-30 18:36:26.856546] [INFO] Server: 设置当前设备ID: 1
[2024-12-30 18:36:30.140299] [INFO] Server: 收到命令请求: {'device_id': '1', 'command': '点击 1 200'}
[2024-12-30 18:36:30.143292] [INFO] Server: 执行设备命令: 1 点击 1 200
[2024-12-30 18:36:30.160245] [INFO] Server: 从数据库加载了 7 个设备
[2024-12-30 18:36:30.439179] [INFO] Server: 设备 1 当前 SID: oNp41H9yYALU2bgUAAAL
[2024-12-30 18:36:30.444738] [INFO] Server: 命令已发送到 SID: oNp41H9yYALU2bgUAAAL
[2024-12-30 18:37:03.705539] [INFO] Server: 收到命令请求: {'device_id': '1', 'command': '啊啊'}
[2024-12-30 18:37:03.707504] [INFO] Server: 执行设备命令: 1 啊啊
[2024-12-30 18:37:03.720470] [INFO] Server: 从数据库加载了 7 个设备
[2024-12-30 18:37:03.966680] [INFO] Server: 设备 1 当前 SID: oNp41H9yYALU2bgUAAAL
[2024-12-30 18:37:03.975654] [INFO] Server: 命令已发送到 SID: oNp41H9yYALU2bgUAAAL
[2024-12-30 18:41:52.478994] [INFO] Server: Client disconnected: oNp41H9yYALU2bgUAAAL
[2024-12-30 18:42:28.119487] [INFO] Server: 连接请求: device_id=1, sid=s63U8eaXr_IzyuPvAAAN
[2024-12-30 18:42:28.132450] [INFO] Server: 从数据库加载了 7 个设备
[2024-12-30 18:42:28.455310] [INFO] Server: 设备 1 连接成功, SID: s63U8eaXr_IzyuPvAAAN
[2024-12-30 18:42:35.650063] [INFO] Server: 收到命令请求: {'device_id': '1', 'command': '啊啊'}
[2024-12-30 18:42:35.653055] [INFO] Server: 执行设备命令: 1 啊啊
[2024-12-30 18:42:35.666018] [INFO] Server: 从数据库加载了 7 个设备
[2024-12-30 18:42:36.006157] [INFO] Server: 设备 1 当前 SID: s63U8eaXr_IzyuPvAAAN
[2024-12-30 18:42:36.009186] [INFO] Server: 命令已发送到 SID: s63U8eaXr_IzyuPvAAAN
[2024-12-30 18:42:41.907007] [INFO] Server: 设置当前设备ID: 氏集团
[2024-12-30 18:42:43.367350] [INFO] Server: 设置当前设备ID: 1
[2024-12-30 18:42:47.346632] [INFO] Server: 收到命令请求: {'device_id': '1', 'command': '啊啊'}
[2024-12-30 18:42:47.350622] [INFO] Server: 执行设备命令: 1 啊啊
[2024-12-30 18:42:47.365581] [INFO] Server: 从数据库加载了 7 个设备
[2024-12-30 18:42:47.676419] [INFO] Server: 设备 1 当前 SID: s63U8eaXr_IzyuPvAAAN
[2024-12-30 18:42:47.685214] [INFO] Server: 命令已发送到 SID: s63U8eaXr_IzyuPvAAAN
[2024-12-30 18:44:43.139918] [INFO] Server: Client disconnected: s63U8eaXr_IzyuPvAAAN
[2024-12-30 18:44:56.106462] [INFO] Server: 连接请求: device_id=1, sid=s4nmT1pr1NjuUF-nAAAP
[2024-12-30 18:44:56.123268] [INFO] Server: 从数据库加载了 7 个设备
[2024-12-30 18:44:56.437928] [INFO] Server: 设备 1 连接成功, SID: s4nmT1pr1NjuUF-nAAAP
[2024-12-30 18:45:05.526853] [INFO] Server: 设置当前设备ID: 1
[2024-12-30 18:45:10.690335] [INFO] Server: 收到命令请求: {'device_id': '1', 'command': '啊啊'}
[2024-12-30 18:45:10.691327] [INFO] Server: 执行设备命令: 1 啊啊
[2024-12-30 18:45:10.697312] [INFO] Server: 从数据库加载了 7 个设备
[2024-12-30 18:45:10.972980] [INFO] Server: 设备 1 当前 SID: s4nmT1pr1NjuUF-nAAAP
[2024-12-30 18:45:10.981312] [INFO] Server: 命令已发送到 SID: s4nmT1pr1NjuUF-nAAAP
[2024-12-30 18:45:28.664973] [INFO] Server: 收到命令请求: {'device_id': '1', 'command': '请求'}
[2024-12-30 18:45:28.664973] [INFO] Server: 执行设备命令: 1 请求
[2024-12-30 18:45:28.672307] [INFO] Server: 从数据库加载了 7 个设备
[2024-12-30 18:45:28.959047] [INFO] Server: 设备 1 当前 SID: s4nmT1pr1NjuUF-nAAAP
[2024-12-30 18:45:28.963050] [INFO] Server: 命令已发送到 SID: s4nmT1pr1NjuUF-nAAAP
